<?xml version="1.0" encoding="UTF-8" standalone="yes"?>
<!--

    Copyright (c) 2016, The National Archives <pronom@nationalarchives.gov.uk>
    All rights reserved.

    Redistribution and use in source and binary forms, with or without
    modification, are permitted provided that the following
    conditions are met:

     * Redistributions of source code must retain the above copyright
       notice, this list of conditions and the following disclaimer.

     * Redistributions in binary form must reproduce the above copyright
       notice, this list of conditions and the following disclaimer in the
       documentation and/or other materials provided with the distribution.

     * Neither the name of the The National Archives nor the
       names of its contributors may be used to endorse or promote products
       derived from this software without specific prior written permission.

    THIS SOFTWARE IS PROVIDED BY THE COPYRIGHT HOLDERS AND CONTRIBUTORS "AS IS"
    AND ANY EXPRESS OR IMPLIED WARRANTIES, INCLUDING, BUT NOT LIMITED TO, THE
    IMPLIED WARRANTIES OF MERCHANTABILITY AND FITNESS FOR A PARTICULAR
    PURPOSE ARE DISCLAIMED. IN NO EVENT SHALL THE COPYRIGHT HOLDER OR
    CONTRIBUTORS BE LIABLE FOR ANY DIRECT, INDIRECT, INCIDENTAL, SPECIAL,
    EXEMPLARY, OR CONSEQUENTIAL DAMAGES (INCLUDING, BUT NOT LIMITED TO,
    PROCUREMENT OF SUBSTITUTE GOODS OR SERVICES; LOSS OF USE, DATA, OR
    PROFITS; OR BUSINESS INTERRUPTION) HOWEVER CAUSED AND ON ANY THEORY OF
    LIABILITY, WHETHER IN CONTRACT, STRICT LIABILITY, OR TORT (INCLUDING
    NEGLIGENCE OR OTHERWISE) ARISING IN ANY WAY OUT OF THE USE OF THIS
    SOFTWARE, EVEN IF ADVISED OF THE POSSIBILITY OF SUCH DAMAGE.

-->
<Report>
    <Profiles>
        <Profile>
            <CreatedDate>2010-09-02T14:23:31.435+01:00</CreatedDate>
            <Name>droid-er</Name>
            <ProfileSpec>
                <Resources>
                    <Dir Recursive="true">
                        <Size>0</Size>
                        <LastModifiedDate>2010-05-14T11:20:04.648+01:00</LastModifiedDate>
                        <Extension></Extension>
                        <Name>droid_er</Name>
                        <Uri>file:/C:/Documents%20and%20Settings/rflitcroft/My%20Documents/droid_er/</Uri>
                    </Dir>
                </Resources>
            </ProfileSpec>
            <State>FINISHED</State>
            <SignatureFileVersion>32</SignatureFileVersion>
            <Filter>
                <Enabled>false</Enabled>
                <Narrowed>false</Narrowed>
            </Filter>
            <Throttle>0</Throttle>
            <SignatureFileName>DROID_SignatureFile_V45.xml</SignatureFileName>
            <EndDate>2010-09-02T14:24:08.998+01:00</EndDate>
            <StartDate>2010-09-02T14:24:05.076+01:00</StartDate>
        </Profile>
    </Profiles>
    <ReportItems>
        <ReportItem>
            <Specification>
                <Description>File sizes by year last modified</Description>
                <Field>FILE_SIZE</Field>
                <GroupByField>LAST_MODIFIED_DATE</GroupByField>
                <Function>Year</Function>
                <Filter>
                    <Enabled>true</Enabled>
                    <Narrowed>true</Narrowed>
                    <Criteria>
                        <FieldName>RESOURCE_TYPE</FieldName>
                        <Operator>NONE_OF</Operator>
                        <Value>"Folder"</Value>
                        <Parameter>
                            <Id>0</Id>
                            <Description>Folder</Description>
                            <Value>0</Value>
                        </Parameter>
                        <RowNumber>0</RowNumber>
                    </Criteria>
                </Filter>
            </Specification>
            <Groups>
                <Group>
                    <Value>2009</Value>
                    <ProfileSummaries>
                        <ProfileSummary>
                            <Count>41</Count>
                            <Sum>29271</Sum>
                            <Min>0</Min>
                            <Max>4358</Max>
                            <Average>713.0</Average>
                            <Name>droid-er</Name>
                        </ProfileSummary>
                    </ProfileSummaries>
                    <GroupAggregateSummary>
                        <Count>41</Count>
                        <Sum>29271</Sum>
                        <Min>0</Min>
                        <Max>4358</Max>
                        <Average>713.0</Average>
                    </GroupAggregateSummary>
                </Group>
                <Group>
                    <Value>2010</Value>
                    <ProfileSummaries>
                        <ProfileSummary>
                            <Count>6</Count>
                            <Sum>19715</Sum>
                            <Min>0</Min>
                            <Max>3943</Max>
                            <Average>3285.0</Average>
                            <Name>droid-er</Name>
                        </ProfileSummary>
                    </ProfileSummaries>
                    <GroupAggregateSummary>
                        <Count>6</Count>
                        <Sum>19715</Sum>
                        <Min>0</Min>
                        <Max>3943</Max>
                        <Average>3285.0</Average>
                    </GroupAggregateSummary>
                </Group>
            </Groups>
            <ReportItemAggregateSummary>
                <Count>47</Count>
                <Sum>48986</Sum>
                <Min>0</Min>
                <Max>4358</Max>
                <Average>1041.340425531915</Average>
            </ReportItemAggregateSummary>
        </ReportItem>
    </ReportItems>
</Report>
